<?xml version="1.0" encoding="UTF-8"?>
<!-- Generated by org.testng.reporters.JUnitReportReporter -->
<testsuite hostname="LAPTOP-576F71HH" failures="0" tests="1" name="demo.Sample" time="0.008" errors="0" timestamp="2024-07-26T12:03:17 IST" skipped="0">
  <testcase classname="demo.Sample" name="demo" time="0.008"/>
  <system-out>
    <![CDATA[Sample class executed]]>
  </system-out>
</testsuite> <!-- demo.Sample -->
